[2020-07-19 13:07:15,692] {scheduler_job.py:154} INFO - Started process (PID=4647) to work on /home/antony/airflow/dags/dags.py
[2020-07-19 13:07:15,694] {scheduler_job.py:1571} INFO - Processing file /home/antony/airflow/dags/dags.py for tasks to queue
[2020-07-19 13:07:15,694] {logging_mixin.py:112} INFO - [2020-07-19 13:07:15,694] {dagbag.py:396} INFO - Filling up the DagBag from /home/antony/airflow/dags/dags.py
[2020-07-19 13:07:15,699] {logging_mixin.py:112} INFO - [2020-07-19 13:07:15,698] {baseoperator.py:372} WARNING - schedule_interval is used for <Task(BashOperator): schedule_edmjnl_crawler>, though it has been deprecated as a task parameter, you need to specify it as a DAG parameter instead
[2020-07-19 13:07:15,702] {scheduler_job.py:1583} INFO - DAG(s) dict_keys(['edmjnl_crawler']) retrieved from /home/antony/airflow/dags/dags.py
[2020-07-19 13:07:15,708] {logging_mixin.py:112} INFO - [2020-07-19 13:07:15,708] {dag.py:1520} INFO - Creating ORM DAG for edmjnl_crawler
[2020-07-19 13:07:15,717] {scheduler_job.py:162} INFO - Processing /home/antony/airflow/dags/dags.py took 0.025 seconds
[2020-07-19 13:09:11,265] {scheduler_job.py:154} INFO - Started process (PID=4860) to work on /home/antony/airflow/dags/dags.py
[2020-07-19 13:09:11,268] {scheduler_job.py:1571} INFO - Processing file /home/antony/airflow/dags/dags.py for tasks to queue
[2020-07-19 13:09:11,268] {logging_mixin.py:112} INFO - [2020-07-19 13:09:11,268] {dagbag.py:396} INFO - Filling up the DagBag from /home/antony/airflow/dags/dags.py
[2020-07-19 13:09:11,271] {logging_mixin.py:112} INFO - [2020-07-19 13:09:11,271] {baseoperator.py:372} WARNING - schedule_interval is used for <Task(BashOperator): schedule_edmjnl_crawler>, though it has been deprecated as a task parameter, you need to specify it as a DAG parameter instead
[2020-07-19 13:09:11,272] {scheduler_job.py:1583} INFO - DAG(s) dict_keys(['edmjnl_crawler']) retrieved from /home/antony/airflow/dags/dags.py
[2020-07-19 13:09:11,285] {scheduler_job.py:162} INFO - Processing /home/antony/airflow/dags/dags.py took 0.020 seconds
[2020-07-19 13:10:03,324] {scheduler_job.py:154} INFO - Started process (PID=4915) to work on /home/antony/airflow/dags/dags.py
[2020-07-19 13:10:03,327] {scheduler_job.py:1571} INFO - Processing file /home/antony/airflow/dags/dags.py for tasks to queue
[2020-07-19 13:10:03,327] {logging_mixin.py:112} INFO - [2020-07-19 13:10:03,327] {dagbag.py:396} INFO - Filling up the DagBag from /home/antony/airflow/dags/dags.py
[2020-07-19 13:10:03,331] {logging_mixin.py:112} INFO - [2020-07-19 13:10:03,330] {baseoperator.py:372} WARNING - schedule_interval is used for <Task(BashOperator): schedule_edmjnl_crawler>, though it has been deprecated as a task parameter, you need to specify it as a DAG parameter instead
[2020-07-19 13:10:03,334] {scheduler_job.py:1583} INFO - DAG(s) dict_keys(['edmjnl_crawler']) retrieved from /home/antony/airflow/dags/dags.py
[2020-07-19 13:10:03,350] {scheduler_job.py:162} INFO - Processing /home/antony/airflow/dags/dags.py took 0.026 seconds
[2020-07-19 13:10:55,382] {scheduler_job.py:154} INFO - Started process (PID=4959) to work on /home/antony/airflow/dags/dags.py
[2020-07-19 13:10:55,385] {scheduler_job.py:1571} INFO - Processing file /home/antony/airflow/dags/dags.py for tasks to queue
[2020-07-19 13:10:55,385] {logging_mixin.py:112} INFO - [2020-07-19 13:10:55,385] {dagbag.py:396} INFO - Filling up the DagBag from /home/antony/airflow/dags/dags.py
[2020-07-19 13:10:55,389] {logging_mixin.py:112} INFO - [2020-07-19 13:10:55,388] {baseoperator.py:372} WARNING - schedule_interval is used for <Task(BashOperator): schedule_edmjnl_crawler>, though it has been deprecated as a task parameter, you need to specify it as a DAG parameter instead
[2020-07-19 13:10:55,392] {scheduler_job.py:1583} INFO - DAG(s) dict_keys(['edmjnl_crawler']) retrieved from /home/antony/airflow/dags/dags.py
[2020-07-19 13:10:55,406] {scheduler_job.py:162} INFO - Processing /home/antony/airflow/dags/dags.py took 0.024 seconds
[2020-07-19 13:11:47,439] {scheduler_job.py:154} INFO - Started process (PID=5250) to work on /home/antony/airflow/dags/dags.py
[2020-07-19 13:11:47,441] {scheduler_job.py:1571} INFO - Processing file /home/antony/airflow/dags/dags.py for tasks to queue
[2020-07-19 13:11:47,442] {logging_mixin.py:112} INFO - [2020-07-19 13:11:47,441] {dagbag.py:396} INFO - Filling up the DagBag from /home/antony/airflow/dags/dags.py
[2020-07-19 13:11:47,446] {logging_mixin.py:112} INFO - [2020-07-19 13:11:47,445] {baseoperator.py:372} WARNING - schedule_interval is used for <Task(BashOperator): schedule_edmjnl_crawler>, though it has been deprecated as a task parameter, you need to specify it as a DAG parameter instead
[2020-07-19 13:11:47,449] {scheduler_job.py:1583} INFO - DAG(s) dict_keys(['edmjnl_crawler']) retrieved from /home/antony/airflow/dags/dags.py
[2020-07-19 13:11:47,463] {scheduler_job.py:162} INFO - Processing /home/antony/airflow/dags/dags.py took 0.025 seconds
[2020-07-19 13:12:39,496] {scheduler_job.py:154} INFO - Started process (PID=5295) to work on /home/antony/airflow/dags/dags.py
[2020-07-19 13:12:39,499] {scheduler_job.py:1571} INFO - Processing file /home/antony/airflow/dags/dags.py for tasks to queue
[2020-07-19 13:12:39,499] {logging_mixin.py:112} INFO - [2020-07-19 13:12:39,499] {dagbag.py:396} INFO - Filling up the DagBag from /home/antony/airflow/dags/dags.py
[2020-07-19 13:12:39,503] {logging_mixin.py:112} INFO - [2020-07-19 13:12:39,503] {baseoperator.py:372} WARNING - schedule_interval is used for <Task(BashOperator): schedule_edmjnl_crawler>, though it has been deprecated as a task parameter, you need to specify it as a DAG parameter instead
[2020-07-19 13:12:39,506] {scheduler_job.py:1583} INFO - DAG(s) dict_keys(['edmjnl_crawler']) retrieved from /home/antony/airflow/dags/dags.py
[2020-07-19 13:12:39,521] {scheduler_job.py:162} INFO - Processing /home/antony/airflow/dags/dags.py took 0.025 seconds
[2020-07-19 13:13:31,558] {scheduler_job.py:154} INFO - Started process (PID=5341) to work on /home/antony/airflow/dags/dags.py
[2020-07-19 13:13:31,561] {scheduler_job.py:1571} INFO - Processing file /home/antony/airflow/dags/dags.py for tasks to queue
[2020-07-19 13:13:31,561] {logging_mixin.py:112} INFO - [2020-07-19 13:13:31,561] {dagbag.py:396} INFO - Filling up the DagBag from /home/antony/airflow/dags/dags.py
[2020-07-19 13:13:31,566] {logging_mixin.py:112} INFO - [2020-07-19 13:13:31,565] {baseoperator.py:372} WARNING - schedule_interval is used for <Task(BashOperator): schedule_edmjnl_crawler>, though it has been deprecated as a task parameter, you need to specify it as a DAG parameter instead
[2020-07-19 13:13:31,567] {scheduler_job.py:1583} INFO - DAG(s) dict_keys(['edmjnl_crawler']) retrieved from /home/antony/airflow/dags/dags.py
[2020-07-19 13:13:31,581] {scheduler_job.py:162} INFO - Processing /home/antony/airflow/dags/dags.py took 0.023 seconds
[2020-07-19 13:14:23,618] {scheduler_job.py:154} INFO - Started process (PID=5381) to work on /home/antony/airflow/dags/dags.py
[2020-07-19 13:14:23,621] {scheduler_job.py:1571} INFO - Processing file /home/antony/airflow/dags/dags.py for tasks to queue
[2020-07-19 13:14:23,621] {logging_mixin.py:112} INFO - [2020-07-19 13:14:23,621] {dagbag.py:396} INFO - Filling up the DagBag from /home/antony/airflow/dags/dags.py
[2020-07-19 13:14:23,625] {logging_mixin.py:112} INFO - [2020-07-19 13:14:23,624] {baseoperator.py:372} WARNING - schedule_interval is used for <Task(BashOperator): schedule_edmjnl_crawler>, though it has been deprecated as a task parameter, you need to specify it as a DAG parameter instead
[2020-07-19 13:14:23,627] {scheduler_job.py:1583} INFO - DAG(s) dict_keys(['edmjnl_crawler']) retrieved from /home/antony/airflow/dags/dags.py
[2020-07-19 13:14:23,641] {scheduler_job.py:162} INFO - Processing /home/antony/airflow/dags/dags.py took 0.023 seconds
[2020-07-19 13:15:15,681] {scheduler_job.py:154} INFO - Started process (PID=5427) to work on /home/antony/airflow/dags/dags.py
[2020-07-19 13:15:15,684] {scheduler_job.py:1571} INFO - Processing file /home/antony/airflow/dags/dags.py for tasks to queue
[2020-07-19 13:15:15,684] {logging_mixin.py:112} INFO - [2020-07-19 13:15:15,684] {dagbag.py:396} INFO - Filling up the DagBag from /home/antony/airflow/dags/dags.py
[2020-07-19 13:15:15,688] {logging_mixin.py:112} INFO - [2020-07-19 13:15:15,687] {baseoperator.py:372} WARNING - schedule_interval is used for <Task(BashOperator): schedule_edmjnl_crawler>, though it has been deprecated as a task parameter, you need to specify it as a DAG parameter instead
[2020-07-19 13:15:15,691] {scheduler_job.py:1583} INFO - DAG(s) dict_keys(['edmjnl_crawler']) retrieved from /home/antony/airflow/dags/dags.py
[2020-07-19 13:15:15,706] {scheduler_job.py:162} INFO - Processing /home/antony/airflow/dags/dags.py took 0.025 seconds
[2020-07-19 13:16:07,749] {scheduler_job.py:154} INFO - Started process (PID=5469) to work on /home/antony/airflow/dags/dags.py
[2020-07-19 13:16:07,752] {scheduler_job.py:1571} INFO - Processing file /home/antony/airflow/dags/dags.py for tasks to queue
[2020-07-19 13:16:07,752] {logging_mixin.py:112} INFO - [2020-07-19 13:16:07,752] {dagbag.py:396} INFO - Filling up the DagBag from /home/antony/airflow/dags/dags.py
[2020-07-19 13:16:07,756] {logging_mixin.py:112} INFO - [2020-07-19 13:16:07,755] {baseoperator.py:372} WARNING - schedule_interval is used for <Task(BashOperator): schedule_edmjnl_crawler>, though it has been deprecated as a task parameter, you need to specify it as a DAG parameter instead
[2020-07-19 13:16:07,759] {scheduler_job.py:1583} INFO - DAG(s) dict_keys(['edmjnl_crawler']) retrieved from /home/antony/airflow/dags/dags.py
[2020-07-19 13:16:07,773] {scheduler_job.py:162} INFO - Processing /home/antony/airflow/dags/dags.py took 0.024 seconds
[2020-07-19 13:16:59,814] {scheduler_job.py:154} INFO - Started process (PID=5516) to work on /home/antony/airflow/dags/dags.py
[2020-07-19 13:16:59,816] {scheduler_job.py:1571} INFO - Processing file /home/antony/airflow/dags/dags.py for tasks to queue
[2020-07-19 13:16:59,816] {logging_mixin.py:112} INFO - [2020-07-19 13:16:59,816] {dagbag.py:396} INFO - Filling up the DagBag from /home/antony/airflow/dags/dags.py
[2020-07-19 13:16:59,821] {logging_mixin.py:112} INFO - [2020-07-19 13:16:59,820] {baseoperator.py:372} WARNING - schedule_interval is used for <Task(BashOperator): schedule_edmjnl_crawler>, though it has been deprecated as a task parameter, you need to specify it as a DAG parameter instead
[2020-07-19 13:16:59,823] {scheduler_job.py:1583} INFO - DAG(s) dict_keys(['edmjnl_crawler']) retrieved from /home/antony/airflow/dags/dags.py
[2020-07-19 13:16:59,836] {scheduler_job.py:162} INFO - Processing /home/antony/airflow/dags/dags.py took 0.023 seconds
[2020-07-19 13:17:51,878] {scheduler_job.py:154} INFO - Started process (PID=5566) to work on /home/antony/airflow/dags/dags.py
[2020-07-19 13:17:51,881] {scheduler_job.py:1571} INFO - Processing file /home/antony/airflow/dags/dags.py for tasks to queue
[2020-07-19 13:17:51,881] {logging_mixin.py:112} INFO - [2020-07-19 13:17:51,881] {dagbag.py:396} INFO - Filling up the DagBag from /home/antony/airflow/dags/dags.py
[2020-07-19 13:17:51,885] {logging_mixin.py:112} INFO - [2020-07-19 13:17:51,885] {baseoperator.py:372} WARNING - schedule_interval is used for <Task(BashOperator): schedule_edmjnl_crawler>, though it has been deprecated as a task parameter, you need to specify it as a DAG parameter instead
[2020-07-19 13:17:51,887] {scheduler_job.py:1583} INFO - DAG(s) dict_keys(['edmjnl_crawler']) retrieved from /home/antony/airflow/dags/dags.py
[2020-07-19 13:17:51,900] {scheduler_job.py:162} INFO - Processing /home/antony/airflow/dags/dags.py took 0.022 seconds
[2020-07-19 13:18:43,944] {scheduler_job.py:154} INFO - Started process (PID=5609) to work on /home/antony/airflow/dags/dags.py
[2020-07-19 13:18:43,947] {scheduler_job.py:1571} INFO - Processing file /home/antony/airflow/dags/dags.py for tasks to queue
[2020-07-19 13:18:43,947] {logging_mixin.py:112} INFO - [2020-07-19 13:18:43,947] {dagbag.py:396} INFO - Filling up the DagBag from /home/antony/airflow/dags/dags.py
[2020-07-19 13:18:43,951] {logging_mixin.py:112} INFO - [2020-07-19 13:18:43,951] {baseoperator.py:372} WARNING - schedule_interval is used for <Task(BashOperator): schedule_edmjnl_crawler>, though it has been deprecated as a task parameter, you need to specify it as a DAG parameter instead
[2020-07-19 13:18:43,954] {scheduler_job.py:1583} INFO - DAG(s) dict_keys(['edmjnl_crawler']) retrieved from /home/antony/airflow/dags/dags.py
[2020-07-19 13:18:43,968] {scheduler_job.py:162} INFO - Processing /home/antony/airflow/dags/dags.py took 0.023 seconds
[2020-07-19 13:19:36,012] {scheduler_job.py:154} INFO - Started process (PID=5655) to work on /home/antony/airflow/dags/dags.py
[2020-07-19 13:19:36,015] {scheduler_job.py:1571} INFO - Processing file /home/antony/airflow/dags/dags.py for tasks to queue
[2020-07-19 13:19:36,015] {logging_mixin.py:112} INFO - [2020-07-19 13:19:36,015] {dagbag.py:396} INFO - Filling up the DagBag from /home/antony/airflow/dags/dags.py
[2020-07-19 13:19:36,019] {logging_mixin.py:112} INFO - [2020-07-19 13:19:36,019] {baseoperator.py:372} WARNING - schedule_interval is used for <Task(BashOperator): schedule_edmjnl_crawler>, though it has been deprecated as a task parameter, you need to specify it as a DAG parameter instead
[2020-07-19 13:19:36,022] {scheduler_job.py:1583} INFO - DAG(s) dict_keys(['edmjnl_crawler']) retrieved from /home/antony/airflow/dags/dags.py
[2020-07-19 13:19:36,035] {scheduler_job.py:162} INFO - Processing /home/antony/airflow/dags/dags.py took 0.023 seconds
[2020-07-19 13:20:28,078] {scheduler_job.py:154} INFO - Started process (PID=5696) to work on /home/antony/airflow/dags/dags.py
[2020-07-19 13:20:28,080] {scheduler_job.py:1571} INFO - Processing file /home/antony/airflow/dags/dags.py for tasks to queue
[2020-07-19 13:20:28,080] {logging_mixin.py:112} INFO - [2020-07-19 13:20:28,080] {dagbag.py:396} INFO - Filling up the DagBag from /home/antony/airflow/dags/dags.py
[2020-07-19 13:20:28,083] {logging_mixin.py:112} INFO - [2020-07-19 13:20:28,083] {baseoperator.py:372} WARNING - schedule_interval is used for <Task(BashOperator): schedule_edmjnl_crawler>, though it has been deprecated as a task parameter, you need to specify it as a DAG parameter instead
[2020-07-19 13:20:28,085] {scheduler_job.py:1583} INFO - DAG(s) dict_keys(['edmjnl_crawler']) retrieved from /home/antony/airflow/dags/dags.py
[2020-07-19 13:20:28,097] {scheduler_job.py:162} INFO - Processing /home/antony/airflow/dags/dags.py took 0.019 seconds
[2020-07-19 13:21:20,133] {scheduler_job.py:154} INFO - Started process (PID=5738) to work on /home/antony/airflow/dags/dags.py
[2020-07-19 13:21:20,136] {scheduler_job.py:1571} INFO - Processing file /home/antony/airflow/dags/dags.py for tasks to queue
[2020-07-19 13:21:20,136] {logging_mixin.py:112} INFO - [2020-07-19 13:21:20,136] {dagbag.py:396} INFO - Filling up the DagBag from /home/antony/airflow/dags/dags.py
[2020-07-19 13:21:20,139] {logging_mixin.py:112} INFO - [2020-07-19 13:21:20,139] {baseoperator.py:372} WARNING - schedule_interval is used for <Task(BashOperator): schedule_edmjnl_crawler>, though it has been deprecated as a task parameter, you need to specify it as a DAG parameter instead
[2020-07-19 13:21:20,141] {scheduler_job.py:1583} INFO - DAG(s) dict_keys(['edmjnl_crawler']) retrieved from /home/antony/airflow/dags/dags.py
[2020-07-19 13:21:20,152] {scheduler_job.py:162} INFO - Processing /home/antony/airflow/dags/dags.py took 0.019 seconds
[2020-07-19 13:22:12,204] {scheduler_job.py:154} INFO - Started process (PID=5781) to work on /home/antony/airflow/dags/dags.py
[2020-07-19 13:22:12,206] {scheduler_job.py:1571} INFO - Processing file /home/antony/airflow/dags/dags.py for tasks to queue
[2020-07-19 13:22:12,207] {logging_mixin.py:112} INFO - [2020-07-19 13:22:12,207] {dagbag.py:396} INFO - Filling up the DagBag from /home/antony/airflow/dags/dags.py
[2020-07-19 13:22:12,211] {logging_mixin.py:112} INFO - [2020-07-19 13:22:12,210] {baseoperator.py:372} WARNING - schedule_interval is used for <Task(BashOperator): schedule_edmjnl_crawler>, though it has been deprecated as a task parameter, you need to specify it as a DAG parameter instead
[2020-07-19 13:22:12,214] {scheduler_job.py:1583} INFO - DAG(s) dict_keys(['edmjnl_crawler']) retrieved from /home/antony/airflow/dags/dags.py
[2020-07-19 13:22:12,229] {scheduler_job.py:162} INFO - Processing /home/antony/airflow/dags/dags.py took 0.025 seconds
[2020-07-19 13:23:04,275] {scheduler_job.py:154} INFO - Started process (PID=5847) to work on /home/antony/airflow/dags/dags.py
[2020-07-19 13:23:04,277] {scheduler_job.py:1571} INFO - Processing file /home/antony/airflow/dags/dags.py for tasks to queue
[2020-07-19 13:23:04,278] {logging_mixin.py:112} INFO - [2020-07-19 13:23:04,278] {dagbag.py:396} INFO - Filling up the DagBag from /home/antony/airflow/dags/dags.py
[2020-07-19 13:23:04,282] {logging_mixin.py:112} INFO - [2020-07-19 13:23:04,281] {baseoperator.py:372} WARNING - schedule_interval is used for <Task(BashOperator): schedule_edmjnl_crawler>, though it has been deprecated as a task parameter, you need to specify it as a DAG parameter instead
[2020-07-19 13:23:04,283] {scheduler_job.py:1583} INFO - DAG(s) dict_keys(['edmjnl_crawler']) retrieved from /home/antony/airflow/dags/dags.py
[2020-07-19 13:23:04,297] {scheduler_job.py:162} INFO - Processing /home/antony/airflow/dags/dags.py took 0.022 seconds
[2020-07-19 13:23:56,352] {scheduler_job.py:154} INFO - Started process (PID=5888) to work on /home/antony/airflow/dags/dags.py
[2020-07-19 13:23:56,355] {scheduler_job.py:1571} INFO - Processing file /home/antony/airflow/dags/dags.py for tasks to queue
[2020-07-19 13:23:56,355] {logging_mixin.py:112} INFO - [2020-07-19 13:23:56,355] {dagbag.py:396} INFO - Filling up the DagBag from /home/antony/airflow/dags/dags.py
[2020-07-19 13:23:56,359] {logging_mixin.py:112} INFO - [2020-07-19 13:23:56,358] {baseoperator.py:372} WARNING - schedule_interval is used for <Task(BashOperator): schedule_edmjnl_crawler>, though it has been deprecated as a task parameter, you need to specify it as a DAG parameter instead
[2020-07-19 13:23:56,360] {scheduler_job.py:1583} INFO - DAG(s) dict_keys(['edmjnl_crawler']) retrieved from /home/antony/airflow/dags/dags.py
[2020-07-19 13:23:56,372] {scheduler_job.py:162} INFO - Processing /home/antony/airflow/dags/dags.py took 0.020 seconds
[2020-07-19 13:24:48,404] {scheduler_job.py:154} INFO - Started process (PID=5930) to work on /home/antony/airflow/dags/dags.py
[2020-07-19 13:24:48,407] {scheduler_job.py:1571} INFO - Processing file /home/antony/airflow/dags/dags.py for tasks to queue
[2020-07-19 13:24:48,407] {logging_mixin.py:112} INFO - [2020-07-19 13:24:48,407] {dagbag.py:396} INFO - Filling up the DagBag from /home/antony/airflow/dags/dags.py
[2020-07-19 13:24:48,411] {logging_mixin.py:112} INFO - [2020-07-19 13:24:48,410] {baseoperator.py:372} WARNING - schedule_interval is used for <Task(BashOperator): schedule_edmjnl_crawler>, though it has been deprecated as a task parameter, you need to specify it as a DAG parameter instead
[2020-07-19 13:24:48,414] {scheduler_job.py:1583} INFO - DAG(s) dict_keys(['edmjnl_crawler']) retrieved from /home/antony/airflow/dags/dags.py
[2020-07-19 13:24:48,429] {scheduler_job.py:162} INFO - Processing /home/antony/airflow/dags/dags.py took 0.024 seconds
[2020-07-19 13:25:40,477] {scheduler_job.py:154} INFO - Started process (PID=5976) to work on /home/antony/airflow/dags/dags.py
[2020-07-19 13:25:40,479] {scheduler_job.py:1571} INFO - Processing file /home/antony/airflow/dags/dags.py for tasks to queue
[2020-07-19 13:25:40,480] {logging_mixin.py:112} INFO - [2020-07-19 13:25:40,480] {dagbag.py:396} INFO - Filling up the DagBag from /home/antony/airflow/dags/dags.py
[2020-07-19 13:25:40,484] {logging_mixin.py:112} INFO - [2020-07-19 13:25:40,483] {baseoperator.py:372} WARNING - schedule_interval is used for <Task(BashOperator): schedule_edmjnl_crawler>, though it has been deprecated as a task parameter, you need to specify it as a DAG parameter instead
[2020-07-19 13:25:40,487] {scheduler_job.py:1583} INFO - DAG(s) dict_keys(['edmjnl_crawler']) retrieved from /home/antony/airflow/dags/dags.py
[2020-07-19 13:25:40,501] {scheduler_job.py:162} INFO - Processing /home/antony/airflow/dags/dags.py took 0.024 seconds
[2020-07-19 13:26:32,546] {scheduler_job.py:154} INFO - Started process (PID=6251) to work on /home/antony/airflow/dags/dags.py
[2020-07-19 13:26:32,549] {scheduler_job.py:1571} INFO - Processing file /home/antony/airflow/dags/dags.py for tasks to queue
[2020-07-19 13:26:32,549] {logging_mixin.py:112} INFO - [2020-07-19 13:26:32,549] {dagbag.py:396} INFO - Filling up the DagBag from /home/antony/airflow/dags/dags.py
[2020-07-19 13:26:32,553] {logging_mixin.py:112} INFO - [2020-07-19 13:26:32,552] {baseoperator.py:372} WARNING - schedule_interval is used for <Task(BashOperator): schedule_edmjnl_crawler>, though it has been deprecated as a task parameter, you need to specify it as a DAG parameter instead
[2020-07-19 13:26:32,555] {scheduler_job.py:1583} INFO - DAG(s) dict_keys(['edmjnl_crawler']) retrieved from /home/antony/airflow/dags/dags.py
[2020-07-19 13:26:32,569] {scheduler_job.py:1287} INFO - Processing edmjnl_crawler
[2020-07-19 13:26:32,602] {scheduler_job.py:1297} INFO - Created <DagRun edmjnl_crawler @ 2020-07-18 00:00:00+00:00: scheduled__2020-07-18T00:00:00+00:00, externally triggered: False>
[2020-07-19 13:26:32,604] {scheduler_job.py:766} INFO - Examining DAG run <DagRun edmjnl_crawler @ 2020-07-18 00:00:00+00:00: scheduled__2020-07-18T00:00:00+00:00, externally triggered: False>
[2020-07-19 13:26:32,611] {scheduler_job.py:454} INFO - Skipping SLA check for <DAG: edmjnl_crawler> because no tasks in DAG have SLAs
[2020-07-19 13:26:32,613] {scheduler_job.py:1650} INFO - Creating / updating <TaskInstance: edmjnl_crawler.schedule_edmjnl_crawler 2020-07-18 00:00:00+00:00 [scheduled]> in ORM
[2020-07-19 13:26:32,620] {scheduler_job.py:162} INFO - Processing /home/antony/airflow/dags/dags.py took 0.074 seconds
[2020-07-19 13:27:36,398] {scheduler_job.py:154} INFO - Started process (PID=6380) to work on /home/antony/airflow/dags/dags.py
[2020-07-19 13:27:36,400] {scheduler_job.py:1571} INFO - Processing file /home/antony/airflow/dags/dags.py for tasks to queue
[2020-07-19 13:27:36,401] {logging_mixin.py:112} INFO - [2020-07-19 13:27:36,401] {dagbag.py:396} INFO - Filling up the DagBag from /home/antony/airflow/dags/dags.py
[2020-07-19 13:27:36,405] {logging_mixin.py:112} INFO - [2020-07-19 13:27:36,404] {baseoperator.py:372} WARNING - schedule_interval is used for <Task(BashOperator): schedule_edmjnl_crawler>, though it has been deprecated as a task parameter, you need to specify it as a DAG parameter instead
[2020-07-19 13:27:36,408] {scheduler_job.py:1583} INFO - DAG(s) dict_keys(['edmjnl_crawler']) retrieved from /home/antony/airflow/dags/dags.py
[2020-07-19 13:27:36,424] {scheduler_job.py:1287} INFO - Processing edmjnl_crawler
[2020-07-19 13:27:36,434] {scheduler_job.py:766} INFO - Examining DAG run <DagRun edmjnl_crawler @ 2020-07-18 00:00:00+00:00: scheduled__2020-07-18T00:00:00+00:00, externally triggered: False>
[2020-07-19 13:27:36,438] {logging_mixin.py:112} INFO - [2020-07-19 13:27:36,438] {dagrun.py:319} INFO - Marking run <DagRun edmjnl_crawler @ 2020-07-18 00:00:00+00:00: scheduled__2020-07-18T00:00:00+00:00, externally triggered: False> successful
[2020-07-19 13:27:36,444] {scheduler_job.py:454} INFO - Skipping SLA check for <DAG: edmjnl_crawler> because no tasks in DAG have SLAs
[2020-07-19 13:27:36,445] {scheduler_job.py:162} INFO - Processing /home/antony/airflow/dags/dags.py took 0.047 seconds
[2020-07-19 13:28:28,457] {scheduler_job.py:154} INFO - Started process (PID=6459) to work on /home/antony/airflow/dags/dags.py
[2020-07-19 13:28:28,460] {scheduler_job.py:1571} INFO - Processing file /home/antony/airflow/dags/dags.py for tasks to queue
[2020-07-19 13:28:28,460] {logging_mixin.py:112} INFO - [2020-07-19 13:28:28,460] {dagbag.py:396} INFO - Filling up the DagBag from /home/antony/airflow/dags/dags.py
[2020-07-19 13:28:28,465] {logging_mixin.py:112} INFO - [2020-07-19 13:28:28,464] {baseoperator.py:372} WARNING - schedule_interval is used for <Task(BashOperator): schedule_edmjnl_crawler>, though it has been deprecated as a task parameter, you need to specify it as a DAG parameter instead
[2020-07-19 13:28:28,468] {scheduler_job.py:1583} INFO - DAG(s) dict_keys(['edmjnl_crawler']) retrieved from /home/antony/airflow/dags/dags.py
[2020-07-19 13:28:28,485] {scheduler_job.py:1287} INFO - Processing edmjnl_crawler
[2020-07-19 13:28:28,497] {scheduler_job.py:454} INFO - Skipping SLA check for <DAG: edmjnl_crawler> because no tasks in DAG have SLAs
[2020-07-19 13:28:28,499] {scheduler_job.py:162} INFO - Processing /home/antony/airflow/dags/dags.py took 0.041 seconds
[2020-07-19 13:29:20,512] {scheduler_job.py:154} INFO - Started process (PID=6530) to work on /home/antony/airflow/dags/dags.py
[2020-07-19 13:29:20,515] {scheduler_job.py:1571} INFO - Processing file /home/antony/airflow/dags/dags.py for tasks to queue
[2020-07-19 13:29:20,515] {logging_mixin.py:112} INFO - [2020-07-19 13:29:20,515] {dagbag.py:396} INFO - Filling up the DagBag from /home/antony/airflow/dags/dags.py
[2020-07-19 13:29:20,519] {logging_mixin.py:112} INFO - [2020-07-19 13:29:20,518] {baseoperator.py:372} WARNING - schedule_interval is used for <Task(BashOperator): schedule_edmjnl_crawler>, though it has been deprecated as a task parameter, you need to specify it as a DAG parameter instead
[2020-07-19 13:29:20,522] {scheduler_job.py:1583} INFO - DAG(s) dict_keys(['edmjnl_crawler']) retrieved from /home/antony/airflow/dags/dags.py
[2020-07-19 13:29:20,540] {scheduler_job.py:1287} INFO - Processing edmjnl_crawler
[2020-07-19 13:29:20,553] {scheduler_job.py:454} INFO - Skipping SLA check for <DAG: edmjnl_crawler> because no tasks in DAG have SLAs
[2020-07-19 13:29:20,554] {scheduler_job.py:162} INFO - Processing /home/antony/airflow/dags/dags.py took 0.042 seconds
[2020-07-19 13:30:12,572] {scheduler_job.py:154} INFO - Started process (PID=6595) to work on /home/antony/airflow/dags/dags.py
[2020-07-19 13:30:12,575] {scheduler_job.py:1571} INFO - Processing file /home/antony/airflow/dags/dags.py for tasks to queue
[2020-07-19 13:30:12,575] {logging_mixin.py:112} INFO - [2020-07-19 13:30:12,575] {dagbag.py:396} INFO - Filling up the DagBag from /home/antony/airflow/dags/dags.py
[2020-07-19 13:30:12,579] {logging_mixin.py:112} INFO - [2020-07-19 13:30:12,579] {baseoperator.py:372} WARNING - schedule_interval is used for <Task(BashOperator): schedule_edmjnl_crawler>, though it has been deprecated as a task parameter, you need to specify it as a DAG parameter instead
[2020-07-19 13:30:12,582] {scheduler_job.py:1583} INFO - DAG(s) dict_keys(['edmjnl_crawler']) retrieved from /home/antony/airflow/dags/dags.py
[2020-07-19 13:30:12,597] {scheduler_job.py:1287} INFO - Processing edmjnl_crawler
[2020-07-19 13:30:12,609] {scheduler_job.py:454} INFO - Skipping SLA check for <DAG: edmjnl_crawler> because no tasks in DAG have SLAs
[2020-07-19 13:30:12,611] {scheduler_job.py:162} INFO - Processing /home/antony/airflow/dags/dags.py took 0.039 seconds
[2020-07-19 13:31:04,628] {scheduler_job.py:154} INFO - Started process (PID=6711) to work on /home/antony/airflow/dags/dags.py
[2020-07-19 13:31:04,630] {scheduler_job.py:1571} INFO - Processing file /home/antony/airflow/dags/dags.py for tasks to queue
[2020-07-19 13:31:04,631] {logging_mixin.py:112} INFO - [2020-07-19 13:31:04,631] {dagbag.py:396} INFO - Filling up the DagBag from /home/antony/airflow/dags/dags.py
[2020-07-19 13:31:04,635] {logging_mixin.py:112} INFO - [2020-07-19 13:31:04,635] {baseoperator.py:372} WARNING - schedule_interval is used for <Task(BashOperator): schedule_edmjnl_crawler>, though it has been deprecated as a task parameter, you need to specify it as a DAG parameter instead
[2020-07-19 13:31:04,638] {scheduler_job.py:1583} INFO - DAG(s) dict_keys(['edmjnl_crawler']) retrieved from /home/antony/airflow/dags/dags.py
[2020-07-19 13:31:04,656] {scheduler_job.py:1287} INFO - Processing edmjnl_crawler
[2020-07-19 13:31:04,668] {scheduler_job.py:454} INFO - Skipping SLA check for <DAG: edmjnl_crawler> because no tasks in DAG have SLAs
[2020-07-19 13:31:04,670] {scheduler_job.py:162} INFO - Processing /home/antony/airflow/dags/dags.py took 0.042 seconds
[2020-07-19 13:31:56,684] {scheduler_job.py:154} INFO - Started process (PID=6794) to work on /home/antony/airflow/dags/dags.py
[2020-07-19 13:31:56,686] {scheduler_job.py:1571} INFO - Processing file /home/antony/airflow/dags/dags.py for tasks to queue
[2020-07-19 13:31:56,687] {logging_mixin.py:112} INFO - [2020-07-19 13:31:56,687] {dagbag.py:396} INFO - Filling up the DagBag from /home/antony/airflow/dags/dags.py
[2020-07-19 13:31:56,690] {logging_mixin.py:112} INFO - [2020-07-19 13:31:56,690] {baseoperator.py:372} WARNING - schedule_interval is used for <Task(BashOperator): schedule_edmjnl_crawler>, though it has been deprecated as a task parameter, you need to specify it as a DAG parameter instead
[2020-07-19 13:31:56,693] {scheduler_job.py:1583} INFO - DAG(s) dict_keys(['edmjnl_crawler']) retrieved from /home/antony/airflow/dags/dags.py
[2020-07-19 13:31:56,711] {scheduler_job.py:1287} INFO - Processing edmjnl_crawler
[2020-07-19 13:31:56,722] {scheduler_job.py:454} INFO - Skipping SLA check for <DAG: edmjnl_crawler> because no tasks in DAG have SLAs
[2020-07-19 13:31:56,723] {scheduler_job.py:162} INFO - Processing /home/antony/airflow/dags/dags.py took 0.039 seconds
[2020-07-19 13:32:48,752] {scheduler_job.py:154} INFO - Started process (PID=6864) to work on /home/antony/airflow/dags/dags.py
[2020-07-19 13:32:48,755] {scheduler_job.py:1571} INFO - Processing file /home/antony/airflow/dags/dags.py for tasks to queue
[2020-07-19 13:32:48,755] {logging_mixin.py:112} INFO - [2020-07-19 13:32:48,755] {dagbag.py:396} INFO - Filling up the DagBag from /home/antony/airflow/dags/dags.py
[2020-07-19 13:32:48,759] {logging_mixin.py:112} INFO - [2020-07-19 13:32:48,758] {baseoperator.py:372} WARNING - schedule_interval is used for <Task(BashOperator): schedule_edmjnl_crawler>, though it has been deprecated as a task parameter, you need to specify it as a DAG parameter instead
[2020-07-19 13:32:48,761] {scheduler_job.py:1583} INFO - DAG(s) dict_keys(['edmjnl_crawler']) retrieved from /home/antony/airflow/dags/dags.py
[2020-07-19 13:32:48,777] {scheduler_job.py:1287} INFO - Processing edmjnl_crawler
[2020-07-19 13:32:48,788] {scheduler_job.py:454} INFO - Skipping SLA check for <DAG: edmjnl_crawler> because no tasks in DAG have SLAs
[2020-07-19 13:32:48,790] {scheduler_job.py:162} INFO - Processing /home/antony/airflow/dags/dags.py took 0.038 seconds
