[2020-07-19 19:24:38,814] {taskinstance.py:670} INFO - Dependencies all met for <TaskInstance: edmjnl_crawler.schedule_edmjnl_email 2020-07-18T07:00:00+00:00 [queued]>
[2020-07-19 19:24:38,822] {taskinstance.py:670} INFO - Dependencies all met for <TaskInstance: edmjnl_crawler.schedule_edmjnl_email 2020-07-18T07:00:00+00:00 [queued]>
[2020-07-19 19:24:38,822] {taskinstance.py:880} INFO - 
--------------------------------------------------------------------------------
[2020-07-19 19:24:38,822] {taskinstance.py:881} INFO - Starting attempt 1 of 1
[2020-07-19 19:24:38,822] {taskinstance.py:882} INFO - 
--------------------------------------------------------------------------------
[2020-07-19 19:24:38,831] {taskinstance.py:901} INFO - Executing <Task(EmailOperator): schedule_edmjnl_email> on 2020-07-18T07:00:00+00:00
[2020-07-19 19:24:38,833] {standard_task_runner.py:54} INFO - Started process 21777 to run task
[2020-07-19 19:24:38,853] {standard_task_runner.py:77} INFO - Running: ['airflow', 'run', 'edmjnl_crawler', 'schedule_edmjnl_email', '2020-07-18T07:00:00+00:00', '--job_id', '21', '--pool', 'default_pool', '--raw', '-sd', 'DAGS_FOLDER/dags.py', '--cfg_path', '/tmp/tmpl53wxqrw']
[2020-07-19 19:24:38,853] {standard_task_runner.py:78} INFO - Job 21: Subtask schedule_edmjnl_email
[2020-07-19 19:24:38,870] {logging_mixin.py:112} INFO - Running %s on host %s <TaskInstance: edmjnl_crawler.schedule_edmjnl_email 2020-07-18T07:00:00+00:00 [running]> an
[2020-07-19 19:24:38,880] {taskinstance.py:1150} ERROR - [Errno 2] No such file or directory: '~/airflow/edmjnl/file_"{{ execution_date }}".csv'
Traceback (most recent call last):
  File "/home/antony/.local/lib/python3.8/site-packages/airflow/models/taskinstance.py", line 984, in _run_raw_task
    result = task_copy.execute(context=context)
  File "/home/antony/.local/lib/python3.8/site-packages/airflow/operators/email_operator.py", line 76, in execute
    send_email(self.to, self.subject, self.html_content,
  File "/home/antony/.local/lib/python3.8/site-packages/airflow/utils/email.py", line 60, in send_email
    return backend(to, subject, html_content, files=files,
  File "/home/antony/.local/lib/python3.8/site-packages/airflow/utils/email.py", line 99, in send_email_smtp
    with open(fname, "rb") as f:
FileNotFoundError: [Errno 2] No such file or directory: '~/airflow/edmjnl/file_"{{ execution_date }}".csv'
[2020-07-19 19:24:38,880] {taskinstance.py:1187} INFO - Marking task as FAILED. dag_id=edmjnl_crawler, task_id=schedule_edmjnl_email, execution_date=20200718T070000, start_date=20200720T012438, end_date=20200720T012438
[2020-07-19 19:24:43,811] {local_task_job.py:102} INFO - Task exited with return code 1
